<?xml version="1.0" encoding="UTF-8"?>
<!-- Generated by org.testng.reporters.JUnitXMLReporter -->
<testsuite ignored="0" hostname="DESKTOP-4JMMJ4A" failures="1" tests="1" name="firefox test" time="16.836" errors="0" timestamp="2022-06-21T13:03:50 IST">
  <testcase classname="kitewithexcel.KiteTestCrossbrowser" name="@AfterMethod logoutfromkiteapp" time="0.007">
    <failure type="org.openqa.selenium.NoSuchSessionException" message="Tried to run command without establishing a connection
Build info: version: &amp;apos;4.1.3&amp;apos;, revision: &amp;apos;7b1ebf28ef&amp;apos;
System info: host: &amp;apos;DESKTOP-4JMMJ4A&amp;apos;, ip: &amp;apos;192.168.43.33&amp;apos;, os.name: &amp;apos;Windows 10&amp;apos;, os.arch: &amp;apos;amd64&amp;apos;, os.version: &amp;apos;10.0&amp;apos;, java.version: &amp;apos;11.0.12&amp;apos;
Driver info: org.openqa.selenium.firefox.FirefoxDriver
Command: [f842c1b9-e647-467d-a3e5-f9814a265afa, findElement {using=xpath, value=//span[@class=&amp;apos;user-id&amp;apos;]}]
Capabilities {acceptInsecureCerts: true, browserName: firefox, browserVersion: 101.0.1, javascriptEnabled: true, moz:accessibilityChecks: false, moz:buildID: 20220608170832, moz:debuggerAddress: localhost:49644, moz:geckodriverVersion: 0.31.0, moz:headless: false, moz:processID: 6652, moz:profile: C:\Users\admin\AppData\Loca..., moz:shutdownTimeout: 60000, moz:useNonSpecCompliantPointerOrigin: false, moz:webdriverClick: true, pageLoadStrategy: normal, platform: WINDOWS, platformName: WINDOWS, platformVersion: 10.0, proxy: Proxy(), se:cdp: ws://localhost:49644/devtoo..., se:cdpVersion: 85.0, setWindowRect: true, strictFileInteractability: false, timeouts: {implicit: 0, pageLoad: 300000, script: 30000}, unhandledPromptBehavior: dismiss and notify}
Session ID: f842c1b9-e647-467d-a3e5-f9814a265afa">
      <![CDATA[org.openqa.selenium.NoSuchSessionException: Tried to run command without establishing a connection
Build info: version: '4.1.3', revision: '7b1ebf28ef'
System info: host: 'DESKTOP-4JMMJ4A', ip: '192.168.43.33', os.name: 'Windows 10', os.arch: 'amd64', os.version: '10.0', java.version: '11.0.12'
Driver info: org.openqa.selenium.firefox.FirefoxDriver
Command: [f842c1b9-e647-467d-a3e5-f9814a265afa, findElement {using=xpath, value=//span[@class='user-id']}]
Capabilities {acceptInsecureCerts: true, browserName: firefox, browserVersion: 101.0.1, javascriptEnabled: true, moz:accessibilityChecks: false, moz:buildID: 20220608170832, moz:debuggerAddress: localhost:49644, moz:geckodriverVersion: 0.31.0, moz:headless: false, moz:processID: 6652, moz:profile: C:\Users\admin\AppData\Loca..., moz:shutdownTimeout: 60000, moz:useNonSpecCompliantPointerOrigin: false, moz:webdriverClick: true, pageLoadStrategy: normal, platform: WINDOWS, platformName: WINDOWS, platformVersion: 10.0, proxy: Proxy(), se:cdp: ws://localhost:49644/devtoo..., se:cdpVersion: 85.0, setWindowRect: true, strictFileInteractability: false, timeouts: {implicit: 0, pageLoad: 300000, script: 30000}, unhandledPromptBehavior: dismiss and notify}
Session ID: f842c1b9-e647-467d-a3e5-f9814a265afa
at org.openqa.selenium.remote.codec.w3c.W3CHttpResponseCodec.createException(W3CHttpResponseCodec.java:200)
at org.openqa.selenium.remote.codec.w3c.W3CHttpResponseCodec.decode(W3CHttpResponseCodec.java:133)
at org.openqa.selenium.remote.codec.w3c.W3CHttpResponseCodec.decode(W3CHttpResponseCodec.java:53)
at org.openqa.selenium.remote.HttpCommandExecutor.execute(HttpCommandExecutor.java:184)
at org.openqa.selenium.remote.service.DriverCommandExecutor.invokeExecute(DriverCommandExecutor.java:167)
at org.openqa.selenium.remote.service.DriverCommandExecutor.execute(DriverCommandExecutor.java:142)
at org.openqa.selenium.remote.RemoteWebDriver.execute(RemoteWebDriver.java:567)
at org.openqa.selenium.remote.ElementLocation$ElementFinder$2.findElement(ElementLocation.java:162)
at org.openqa.selenium.remote.ElementLocation.findElement(ElementLocation.java:60)
at org.openqa.selenium.remote.RemoteWebDriver.findElement(RemoteWebDriver.java:385)
at org.openqa.selenium.remote.RemoteWebDriver.findElement(RemoteWebDriver.java:377)
at org.openqa.selenium.support.pagefactory.DefaultElementLocator.findElement(DefaultElementLocator.java:70)
at org.openqa.selenium.support.pagefactory.internal.LocatingElementHandler.invoke(LocatingElementHandler.java:39)
at com.sun.proxy.$Proxy18.click(Unknown Source)
at kitewithexcel.KitehomePage.clickonlogoutbutton(KitehomePage.java:43)
at kitewithexcel.KiteTestCrossbrowser.logoutfromkiteapp(KiteTestCrossbrowser.java:103)
at java.base/java.util.ArrayList.forEach(ArrayList.java:1541)
... Removed 36 stack frames]]>
    </failure>
  </testcase> <!-- @AfterMethod logoutfromkiteapp -->
  <testcase classname="kitewithexcel.KiteTestCrossbrowser" name="verifykiteusername" time="1.047">
    <failure type="org.openqa.selenium.NoSuchElementException" message="Unable to locate element: //span[@class=&amp;apos;user-id&amp;apos;]
For documentation on this error, please visit: https://selenium.dev/exceptions/#no_such_element
Build info: version: &amp;apos;4.1.3&amp;apos;, revision: &amp;apos;7b1ebf28ef&amp;apos;
System info: host: &amp;apos;DESKTOP-4JMMJ4A&amp;apos;, ip: &amp;apos;192.168.43.33&amp;apos;, os.name: &amp;apos;Windows 10&amp;apos;, os.arch: &amp;apos;amd64&amp;apos;, os.version: &amp;apos;10.0&amp;apos;, java.version: &amp;apos;11.0.12&amp;apos;
Driver info: org.openqa.selenium.firefox.FirefoxDriver
Command: [f842c1b9-e647-467d-a3e5-f9814a265afa, findElement {using=xpath, value=//span[@class=&amp;apos;user-id&amp;apos;]}]
Capabilities {acceptInsecureCerts: true, browserName: firefox, browserVersion: 101.0.1, javascriptEnabled: true, moz:accessibilityChecks: false, moz:buildID: 20220608170832, moz:debuggerAddress: localhost:49644, moz:geckodriverVersion: 0.31.0, moz:headless: false, moz:processID: 6652, moz:profile: C:\Users\admin\AppData\Loca..., moz:shutdownTimeout: 60000, moz:useNonSpecCompliantPointerOrigin: false, moz:webdriverClick: true, pageLoadStrategy: normal, platform: WINDOWS, platformName: WINDOWS, platformVersion: 10.0, proxy: Proxy(), se:cdp: ws://localhost:49644/devtoo..., se:cdpVersion: 85.0, setWindowRect: true, strictFileInteractability: false, timeouts: {implicit: 0, pageLoad: 300000, script: 30000}, unhandledPromptBehavior: dismiss and notify}
Session ID: f842c1b9-e647-467d-a3e5-f9814a265afa">
      <![CDATA[org.openqa.selenium.NoSuchElementException: Unable to locate element: //span[@class='user-id']
For documentation on this error, please visit: https://selenium.dev/exceptions/#no_such_element
Build info: version: '4.1.3', revision: '7b1ebf28ef'
System info: host: 'DESKTOP-4JMMJ4A', ip: '192.168.43.33', os.name: 'Windows 10', os.arch: 'amd64', os.version: '10.0', java.version: '11.0.12'
Driver info: org.openqa.selenium.firefox.FirefoxDriver
Command: [f842c1b9-e647-467d-a3e5-f9814a265afa, findElement {using=xpath, value=//span[@class='user-id']}]
Capabilities {acceptInsecureCerts: true, browserName: firefox, browserVersion: 101.0.1, javascriptEnabled: true, moz:accessibilityChecks: false, moz:buildID: 20220608170832, moz:debuggerAddress: localhost:49644, moz:geckodriverVersion: 0.31.0, moz:headless: false, moz:processID: 6652, moz:profile: C:\Users\admin\AppData\Loca..., moz:shutdownTimeout: 60000, moz:useNonSpecCompliantPointerOrigin: false, moz:webdriverClick: true, pageLoadStrategy: normal, platform: WINDOWS, platformName: WINDOWS, platformVersion: 10.0, proxy: Proxy(), se:cdp: ws://localhost:49644/devtoo..., se:cdpVersion: 85.0, setWindowRect: true, strictFileInteractability: false, timeouts: {implicit: 0, pageLoad: 300000, script: 30000}, unhandledPromptBehavior: dismiss and notify}
Session ID: f842c1b9-e647-467d-a3e5-f9814a265afa
at org.openqa.selenium.remote.codec.w3c.W3CHttpResponseCodec.createException(W3CHttpResponseCodec.java:200)
at org.openqa.selenium.remote.codec.w3c.W3CHttpResponseCodec.decode(W3CHttpResponseCodec.java:133)
at org.openqa.selenium.remote.codec.w3c.W3CHttpResponseCodec.decode(W3CHttpResponseCodec.java:53)
at org.openqa.selenium.remote.HttpCommandExecutor.execute(HttpCommandExecutor.java:184)
at org.openqa.selenium.remote.service.DriverCommandExecutor.invokeExecute(DriverCommandExecutor.java:167)
at org.openqa.selenium.remote.service.DriverCommandExecutor.execute(DriverCommandExecutor.java:142)
at org.openqa.selenium.remote.RemoteWebDriver.execute(RemoteWebDriver.java:567)
at org.openqa.selenium.remote.ElementLocation$ElementFinder$2.findElement(ElementLocation.java:162)
at org.openqa.selenium.remote.ElementLocation.findElement(ElementLocation.java:60)
at org.openqa.selenium.remote.RemoteWebDriver.findElement(RemoteWebDriver.java:385)
at org.openqa.selenium.remote.RemoteWebDriver.findElement(RemoteWebDriver.java:377)
at org.openqa.selenium.support.pagefactory.DefaultElementLocator.findElement(DefaultElementLocator.java:70)
at org.openqa.selenium.support.pagefactory.internal.LocatingElementHandler.invoke(LocatingElementHandler.java:39)
at com.sun.proxy.$Proxy18.getText(Unknown Source)
at kitewithexcel.KitehomePage.getactualuserid(KitehomePage.java:23)
at kitewithexcel.KiteTestCrossbrowser.verifykiteusername(KiteTestCrossbrowser.java:95)
at java.base/java.util.ArrayList.forEach(ArrayList.java:1541)
... Removed 31 stack frames]]>
    </failure>
  </testcase> <!-- verifykiteusername -->
</testsuite> <!-- firefox test -->
