<?xml version="1.0" encoding="UTF-8"?>
<!-- Generated by org.testng.reporters.JUnitXMLReporter -->
<testsuite ignored="0" hostname="DESKTOP-4JMMJ4A" failures="1" tests="4" name="Test" time="0.109" errors="0" timestamp="2022-06-25T23:14:01 IST">
  <testcase classname="testNGlistener.Punetest" name="shivajinagar" time="0.016"/>
  <testcase classname="testNGlistener.Punetest" name="swargate" time="0.002">
    <failure type="java.lang.Error" message="Unresolved compilation problems: 
	Syntax error on token &amp;quot;.&amp;quot;, delete this token
	Type mismatch: cannot convert from void to boolean
">
      <![CDATA[java.lang.Error: Unresolved compilation problems: 
Syntax error on token ".", delete this token
Type mismatch: cannot convert from void to boolean

at testNGlistener.Punetest.swargate(Punetest.java:14)
at java.base/java.util.ArrayList.forEach(ArrayList.java:1541)
... Removed 27 stack frames]]>
    </failure>
  </testcase> <!-- swargate -->
  <testcase classname="testNGlistener.Mumbai" name="ghansoli" time="0.003"/>
  <testcase classname="testNGlistener.Mumbai" name="sanpada" time="0.004"/>
</testsuite> <!-- Test -->
