<?xml version="1.0" encoding="UTF-8"?>
<testng-results ignored="0" total="4" passed="3" failed="1" skipped="0">
  <reporter-output>
    <line>
      <![CDATA[shivajinagar tc is running]]>
    </line>
    <line>
      <![CDATA[ghansoli tc is running]]>
    </line>
    <line>
      <![CDATA[sanpada tc is running]]>
    </line>
  </reporter-output>
  <suite started-at="2022-06-25T23:14:01 IST" name="Suite" finished-at="2022-06-25T23:14:01 IST" duration-ms="109">
    <groups>
    </groups>
    <test started-at="2022-06-25T23:14:01 IST" name="Test" finished-at="2022-06-25T23:14:01 IST" duration-ms="109">
      <class name="testNGlistener.Mumbai">
        <test-method signature="ghansoli()[pri:0, instance:testNGlistener.Mumbai@342c38f8]" started-at="2022-06-25T23:14:01 IST" name="ghansoli" finished-at="2022-06-25T23:14:01 IST" duration-ms="3" status="PASS">
          <reporter-output>
            <line>
              <![CDATA[ghansoli tc is running]]>
            </line>
          </reporter-output>
        </test-method> <!-- ghansoli -->
        <test-method signature="sanpada()[pri:0, instance:testNGlistener.Mumbai@342c38f8]" started-at="2022-06-25T23:14:01 IST" name="sanpada" finished-at="2022-06-25T23:14:01 IST" duration-ms="4" status="PASS">
          <reporter-output>
            <line>
              <![CDATA[sanpada tc is running]]>
            </line>
          </reporter-output>
        </test-method> <!-- sanpada -->
      </class> <!-- testNGlistener.Mumbai -->
      <class name="testNGlistener.Punetest">
        <test-method signature="shivajinagar()[pri:0, instance:testNGlistener.Punetest@2f217633]" started-at="2022-06-25T23:14:01 IST" name="shivajinagar" finished-at="2022-06-25T23:14:01 IST" duration-ms="16" status="PASS">
          <reporter-output>
            <line>
              <![CDATA[shivajinagar tc is running]]>
            </line>
          </reporter-output>
        </test-method> <!-- shivajinagar -->
        <test-method signature="swargate()[pri:0, instance:testNGlistener.Punetest@2f217633]" started-at="2022-06-25T23:14:01 IST" name="swargate" finished-at="2022-06-25T23:14:01 IST" duration-ms="2" status="FAIL">
          <exception class="java.lang.Error">
            <message>
              <![CDATA[Unresolved compilation problems: 
Syntax error on token ".", delete this token
Type mismatch: cannot convert from void to boolean
]]>
            </message>
            <full-stacktrace>
              <![CDATA[java.lang.Error: Unresolved compilation problems: 
Syntax error on token ".", delete this token
Type mismatch: cannot convert from void to boolean

at testNGlistener.Punetest.swargate(Punetest.java:14)
at java.base/jdk.internal.reflect.NativeMethodAccessorImpl.invoke0(Native Method)
at java.base/jdk.internal.reflect.NativeMethodAccessorImpl.invoke(NativeMethodAccessorImpl.java:62)
at java.base/jdk.internal.reflect.DelegatingMethodAccessorImpl.invoke(DelegatingMethodAccessorImpl.java:43)
at java.base/java.lang.reflect.Method.invoke(Method.java:566)
at org.testng.internal.MethodInvocationHelper.invokeMethod(MethodInvocationHelper.java:133)
at org.testng.internal.TestInvoker.invokeMethod(TestInvoker.java:598)
at org.testng.internal.TestInvoker.invokeTestMethod(TestInvoker.java:173)
at org.testng.internal.MethodRunner.runInSequence(MethodRunner.java:46)
at org.testng.internal.TestInvoker$MethodInvocationAgent.invoke(TestInvoker.java:824)
at org.testng.internal.TestInvoker.invokeTestMethods(TestInvoker.java:146)
at org.testng.internal.TestMethodWorker.invokeTestMethods(TestMethodWorker.java:146)
at org.testng.internal.TestMethodWorker.run(TestMethodWorker.java:128)
at java.base/java.util.ArrayList.forEach(ArrayList.java:1541)
at org.testng.TestRunner.privateRun(TestRunner.java:794)
at org.testng.TestRunner.run(TestRunner.java:596)
at org.testng.SuiteRunner.runTest(SuiteRunner.java:377)
at org.testng.SuiteRunner.runSequentially(SuiteRunner.java:371)
at org.testng.SuiteRunner.privateRun(SuiteRunner.java:332)
at org.testng.SuiteRunner.run(SuiteRunner.java:276)
at org.testng.SuiteRunnerWorker.runSuite(SuiteRunnerWorker.java:53)
at org.testng.SuiteRunnerWorker.run(SuiteRunnerWorker.java:96)
at org.testng.TestNG.runSuitesSequentially(TestNG.java:1212)
at org.testng.TestNG.runSuitesLocally(TestNG.java:1134)
at org.testng.TestNG.runSuites(TestNG.java:1063)
at org.testng.TestNG.run(TestNG.java:1031)
at org.testng.remote.AbstractRemoteTestNG.run(AbstractRemoteTestNG.java:115)
at org.testng.remote.RemoteTestNG.initAndRun(RemoteTestNG.java:251)
at org.testng.remote.RemoteTestNG.main(RemoteTestNG.java:77)
]]>
            </full-stacktrace>
          </exception> <!-- java.lang.Error -->
          <reporter-output>
          </reporter-output>
        </test-method> <!-- swargate -->
      </class> <!-- testNGlistener.Punetest -->
    </test> <!-- Test -->
  </suite> <!-- Suite -->
</testng-results>
